856260127
860128849
938302007
885529283
965385623
947709317
894368581
888737719
977110847
965182739
829389229
850452121
965302379
650135009
913257041
888702043
823798169
985062919
823424873
888900979
881733707
911261167
922994731
892695647
805632829
863493287
923029543
926847659
872708797
925781299
926847659
819115093
936256169
806806813
860177099
985062919
928287757
910969867
921155657
856260127
957509827
764869223
833273657
848214791
949672327
734342573
971230541
959374217
884317859
917360989
932283733
877780663
876178393
877368967
918786347
922701271
918786347
955422109
904079651
928287757
909490277
904079651
779688079
785935187
657548179
922586911
971230541
922701271
725604367
850408597
951629521
736500587
921155657
786865141
935362469
795501583
953600651
695435789
887213381
899352823
876318761
876178393
815037049
765683267
762697399
894477901
971230541
923029543
932283733
916677973
816960203
690017701
854820821
903904871
949862087
917360989
916892029
791353657
945902563
945938239
910969867
889018219
965182739
887148653
951747481
870801539
932539661
928698097
907507259
838702129
947709317
957592399
951747481
797945041
959493137
674983051
935661569
900181267
959374217
881870939
861777887
834985999
926812703
936256169
850009439
855674959
913581953
938266619
820631159
806361781
971230541
730373297
926812703
833102117
911261167
894477901
881563247
819362939
925781299
903938963
965385623
951629521
878238103
923029543
907217159
977110847
877681111
979134757
856260127
767611333
922701271
812269363
979134757
945820999
788946953
911727247
881733707
909666137
913581953
879802709
808365829
947709317
965385623
816558037
833102117
700827629
812003263
827193517
905487601
835846757
940128997
979134757
812230291
920873417
913257041
929733407
793134679
833974039
781518379
888900979
928108297
907209959
873179579
840075191
662065333
905487601
957509827
959374217
941589731
977110847
935661569
853423889
951665413
901757477
965302379
922586911
788280049
909631829
848214791
885239183
928698097
971146793
854332181
907971419
934401463
867682121
858519691
770996609
930506387
959374217
894368581
706017661
965302379
919192487
913581953
951747481
977110847
934401463
905412793
751082971
959493137
935661569
882824557
893940469
938302007
891139817
746824259
922522891
928287757
922443343
899783527
827154997
899783527
917034733
651199079
813624703
920873417
916892029
985062919
915252623
899783527
798255599
870631079
790914713
888453619
945938239
930506387
944064353
880289279
830584343
922701271
867065131
916892029
935661569
872254237
955422109
898387649
916892029
935661569
935362469
923029543
780349781
932539661
941589731
959374217
860675449
882036577
894686773
959374217
682303121
951747481
949672327
837121933
940012477
991026973
881563247
917034733
839304241
909490277
845634067
917360989
947709317
760507591
878238103
965302379
916598929
977110847
875977841
894686773
934401463
887320193
945938239
657791803
843191057
965302379
917034733
877681111
830203463
913001753
926812703
917360989
734232293
930506387
719780099
965302379
816960203
836131013
944064353
965385623
865284317
932539661
894826021
926847659
843726161
811082959
876182393
853353073
860073923
932539661
921155657
700781759
945902563
920209897
959374217
913257041
840694039
936140129
909277949
879802709
930506387
894368581
835411397
861719809
945820999
977110847
889192279
977110847
858154789
938302007
629238641
894359941
837090361
979134757
697579297
922701271
934401463
881527859
873565559
941924723
932539661
777143903
715192393
951629521
774221549
903904871
913257041
940012477
965302379
855273631
901757477
879802709
852620339
866727811
922227991
886006981
959493137
951629521
864974249
928108297
888453619
866930203
825577217
858056813
940128997
917034733
894826021
799964687
905884633
957509827
870766583
894686773
872708797
888453619
815117939
648448837
935661569
805632829
783520337
859662227
957509827
853423889
808669417
900035119
934355431
917360989
784698259
779688079
911261167
945938239
660610103
957592399
855498019
985062919
889782233
951665413
742797743
625850947
938266619
879918749
932539661
859327787
949862087
971146793
945938239
849676463
872422897
829389229
951665413
860918281
930506387
842775067
957509827
985062919
815993653
889018219
949672327
938266619
891139817
930506387
921155657
945938239
916892029
881927257
879071849
809953517
853525507
919192487
850991833
917034733
957509827
945820999
947709317
903904871
894082681
834644071
889018219
885529283
777526657
913581953
930506387
723624637
897924289
803483201
921155657
930506387
957509827
951629521
959493137
945902563
917877083
951629521
876318761
959374217
985062919
945902563
834985999
941589731
894082681
755339929
613326619
951747481
806853511
904079651
926847659
938302007
744018449
856260127
933988603
902532439
845340763
936256169
822451711
957509827
627369791
971230541
959374217
899783527
894826021
860440969
882680989
764045831
985062919
857098343
871566433
739255547
911261167
845340763
866930203
904079651
868697681
