24
21
26
23
33
26
24
23
25
26
27
24
28
26
28
25
24
27
30
28
22
29
26
30
23
23
34
22
30
30
35
18
19
21
26
32
24
28
29
36
17
21
16
23
22
25
25
21
19
24
22
28
31
15
25
24
29
26
30
18
25
24
31
23
23
31
22
33
30
16
19
26
31
27
26
28
25
26
25
31
23
27
32
25
30
28
34
19
33
31
36
25
22
24
25
25
23
25
32
31
29
27
25
24
23
27
23
29
33
25
24
23
28
26
23
29
24
25
21
23
27
28
24
20
26
25
30
30
24
33
18
27
31
27
31
32
25
24
21
26
22
25
33
25
26
27
26
29
19
22
32
28
20
27
25
23
20
29
26
27
30
28
19
25
25
25
16
29
23
24
29
29
27
28
25
19
26
30
23
36
15
34
26
22
30
22
27
27
19
29
28
23
27
33
23
30
32
31
26
30
27
23
23
35
32
25
27
20
24
23
25
33
19
39
30
18
25
23
26
19
30
26
32
27
36
26
25
25
23
27
20
25
29
26
18
22
28
30
27
29
21
31
24
31
24
27
22
23
21
22
35
24
32
26
18
24
22
27
28
31
27
29
26
28
23
19
21
19
33
32
24
30
27
23
26
26
30
31
29
22
25
27
22
28
24
24
30
23
24
18
30
22
23
21
24
33
30
36
29
31
28
25
30
25
28
19
28
30
28
31
23
24
18
21
20
28
25
21
27
29
34
31
31
22
26
22
31
26
30
28
23
24
21
26
25
25
24
24
34
28
23
29
25
24
24
27
22
25
22
17
26
27
28
31
30
30
35
23
27
26
31
25
28
30
24
31
20
33
25
22
30
23
33
27
35
31
25
26
24
24
25
32
22
22
25
27
29
24
25
28
18
33
28
24
22
28
15
19
37
24
26
23
21
19
25
29
36
26
20
30
22
22
24
30
27
27
25
30
23
20
33
35
24
33
42
25
34
19
20
28
27
25
23
28
17
26
30
19
22
21
22
19
23
34
22
22
26
28
24
20
28
27
26
22
25
30
26
32
20
27
28
27
28
26
23
24
18
23
26
26
25
35
30
22
18
26
28
29
28
28
31
26
28
28
22
31
23
29
21
25
30
21
23
29
28
29
24
25
28
26
