11 2 18
6 33 11
3 2 48
6 3 43
4 2 15
10 36 55
12 49 43
10 5 34
6 51 23
1 14 28
3 2 36
6 54 12
6 19 24
10 54 6
1 22 22
2 3 3
12 10 28
2 1 40
1 32 37
9 49 6
1 9 30
4 31 43
5 19 4
11 50 9
8 35 40
9 15 53
10 57 49
6 49 6
4 46 38
5 53 18
11 4 2
5 31 5
3 35 53
8 26 25
8 43 46
12 2 51
7 45 39
1 38 20
5 48 54
4 53 37
2 54 58
10 16 18
11 41 30
10 29 0
8 53 32
3 52 4
3 57 24
8 58 38
3 35 21
10 34 5
4 56 33
11 20 43
9 39 49
3 26 18
2 7 7
2 44 40
1 0 54
2 12 48
7 18 24
2 42 31
1 34 15
1 47 17
6 14 47
4 48 59
12 15 53
6 20 10
1 13 10
2 11 58
2 38 15
7 10 44
2 23 29
6 22 2
12 46 26
1 51 27
10 49 25
9 57 21
7 56 23
6 44 56
1 53 59
2 44 3
5 22 38
9 10 45
4 54 3
12 34 44
5 32 13
2 6 13
1 14 55
2 41 54
7 54 10
6 5 20
11 21 18
11 18 50
7 53 5
2 41 35
9 59 2
2 9 0
4 33 15
11 18 14
3 2 20
5 32 52
9 7 48
7 30 1
8 49 1
1 22 8
9 21 5
1 0 48
9 0 8
2 3 30
8 14 12
1 32 38
7 46 4
5 29 23
2 4 22
11 25 54
1 52 49
11 1 11
5 34 19
7 50 3
7 59 32
10 50 51
12 39 37
3 41 8
6 23 25
12 52 7
7 46 24
3 17 11
2 7 42
10 20 30
3 56 54
2 21 50
12 14 4
10 36 58
4 53 45
7 40 32
9 10 4
8 9 36
12 48 9
11 29 48
3 52 32
11 20 26
1 57 12
2 58 50
11 24 44
7 7 52
7 44 11
3 13 31
1 30 19
7 47 26
5 7 21
4 58 51
10 55 42
6 25 15
2 19 45
8 39 44
4 31 31
2 50 8
4 52 49
1 30 4
6 47 20
12 9 5
9 15 1
6 44 52
9 28 27
6 7 55
8 28 13
12 44 43
2 48 56
5 10 31
12 43 2
6 26 16
9 42 56
2 46 27
12 27 57
12 52 55
7 19 28
8 55 58
2 37 46
7 8 28
12 48 30
5 49 4
9 49 3
7 32 38
11 16 41
5 35 52
2 13 28
5 17 12
12 49 47
7 42 54
8 11 27
7 51 14
10 40 20
8 25 1
1 40 19
11 26 55
11 25 7
7 34 53
3 13 8
5 58 58
7 16 5
9 36 30
5 14 16
11 4 0
11 14 22
1 48 0
5 13 21
5 47 3
7 46 12
3 41 53
1 45 52
11 29 9
1 0 14
5 29 20
4 6 38
3 38 47
7 58 57
2 7 20
8 0 49
8 13 46
6 25 40
6 57 40
5 16 37
8 29 2
2 26 23
10 37 22
7 13 55
5 48 52
4 8 45
10 29 36
1 8 36
4 8 54
8 43 5
3 44 4
10 36 52
1 26 37
7 2 1
2 0 14
2 40 40
9 50 7
4 37 24
9 45 54
1 36 42
12 46 39
9 7 16
2 16 4
8 12 54
10 30 51
10 37 13
8 59 41
11 59 23
1 16 36
12 15 27
2 47 4
12 49 43
1 10 23
12 14 26
10 11 33
9 24 46
7 42 34
7 55 51
10 16 57
6 40 38
11 7 11
4 38 30
2 40 6
5 38 11
8 38 59
7 52 55
11 44 43
2 41 11
7 5 27
12 26 4
12 6 59
5 19 58
7 4 37
4 56 59
10 2 40
1 0 29
1 32 35
3 18 11
12 1 25
6 39 0
3 4 9
11 32 28
5 27 32
8 8 47
12 36 10
8 13 42
11 36 17
2 6 19
4 34 40
2 29 39
4 0 39
5 50 13
12 26 18
9 57 36
3 7 59
8 54 41
9 59 43
2 56 24
6 22 59
12 3 41
4 12 32
7 50 36
2 29 27
4 31 49
5 58 41
1 21 19
10 2 51
5 31 47
4 28 27
3 7 28
7 7 28
8 42 6
3 48 27
4 49 0
4 3 5
1 7 59
5 39 15
3 59 14
10 56 5
10 25 39
2 49 4
5 11 37
2 20 52
8 17 30
2 51 3
2 9 30
6 34 58
7 48 33
6 34 45
2 35 35
10 13 56
3 24 1
6 13 55
7 14 49
7 11 27
5 9 48
10 1 41
6 39 36
7 3 28
5 8 45
10 5 35
10 29 9
8 43 6
5 13 20
10 2 18
6 25 30
12 2 23
3 52 35
1 37 30
10 12 9
1 36 18
6 56 26
2 58 24
10 27 27
11 23 28
12 32 33
7 20 5
12 59 33
10 40 24
11 56 31
4 2 29
9 52 8
12 9 34
6 1 37
1 53 41
8 27 15
1 18 48
6 22 52
9 37 57
10 28 11
1 56 40
9 11 48
5 47 33
4 28 34
10 20 51
3 50 27
12 13 51
11 13 28
3 51 32
5 51 1
12 0 43
8 12 18
9 17 0
10 35 54
10 7 2
6 4 21
3 59 54
2 23 12
8 59 31
7 5 40
3 59 30
9 1 24
12 8 48
2 5 13
2 6 36
9 53 16
3 36 47
2 46 24
1 10 44
2 0 39
10 4 59
5 28 41
3 5 54
9 14 45
2 33 17
10 1 16
8 58 36
12 17 42
5 1 16
10 28 35
9 31 56
7 23 3
4 19 8
3 23 9
4 14 18
7 44 12
7 17 54
3 30 22
10 52 37
5 23 34
5 34 18
12 48 29
12 24 28
12 36 44
10 49 21
9 38 14
11 37 46
11 33 46
1 48 54
11 17 36
10 41 54
5 32 47
9 9 32
2 24 27
1 15 32
8 19 57
9 15 46
10 3 19
12 6 52
7 41 24
9 23 48
6 2 11
4 20 13
5 54 7
7 1 31
7 1 40
3 0 44
8 42 1
10 2 13
9 49 31
8 29 29
1 45 45
9 30 58
9 20 50
11 14 22
11 38 40
5 8 15
9 32 56
10 37 8
8 26 5
11 41 39
6 28 12
8 31 39
7 16 39
4 7 56
5 43 8
6 13 43
4 47 28
4 7 53
3 35 7
12 8 35
7 51 49
4 59 45
9 59 55
4 56 55
1 29 32
3 35 45
7 45 36
1 41 19
10 44 32
5 47 15
11 15 22
3 56 27
10 32 51
10 27 7
12 48 1
11 29 0
10 6 53
4 0 40
1 50 10
9 0 18
5 38 14
11 44 51
5 11 26
9 59 18
11 35 48
9 5 54
12 41 57
9 0 32
