1536
1536
1536
1536
768
1536
384
1536
768
1536
24
1473
192
768
1536
1536
1272
1536
384
768
192
768
1536
1536
1536
1299
1536
1536
1536
384
1536
768
843
987
1536
192
768
1536
1536
768
1536
1536
384
963
384
1536
768
768
1536
6
768
1536
1536
966
1863
1536
1536
384
384
978
1536
1536
1536
768
192
1536
1536
1536
1536
384
1536
1536
1536
1536
1704
768
1698
1536
1536
1536
2430
540
1536
768
768
1536
1536
768
768
1536
1536
1536
495
768
768
1536
1737
768
1536
699
1650
1536
768
384
768
1536
1536
1536
192
384
192
192
384
768
1536
1536
1536
384
465
1536
192
1536
1536
1536
768
1536
1536
384
768
1536
2394
987
384
768
1536
1536
1536
1536
1536
768
768
1536
768
1803
1869
768
768
1536
1536
768
768
384
192
1536
768
96
513
1296
1536
384
48
768
1536
12
768
1536
768
1536
1515
1536
768
1536
768
768
192
1536
48
384
1536
1536
1536
1536
1536
768
768
1227
1542
2004
768
768
192
1536
1536
96
1536
384
1536
1536
192
192
1536
768
1536
768
1536
768
1536
768
48
1536
2526
1536
768
1536
1536
384
384
768
96
1536
1536
1536
1536
2031
768
1536
1536
768
1536
1263
1536
2274
1536
768
768
1536
768
1017
192
1536
384
1536
1536
1536
1536
768
768
1536
768
1536
552
384
1536
1536
1536
1536
1536
768
1536
1110
768
2103
1536
768
1536
1536
1536
1536
768
840
768
768
162
1536
1536
1536
1536
1536
768
768
2706
1536
2565
1461
768
768
1536
1536
1536
192
1518
1536
384
1536
2496
768
768
1536
1536
1536
1536
1536
384
96
1536
471
1536
384
1536
318
1536
384
1536
1536
768
1536
768
1536
1536
96
768
1536
1536
1536
1536
1536
96
2148
1536
1116
1536
1536
12
1536
1536
768
1536
384
768
768
768
12
384
768
768
1536
1536
384
1536
168
768
639
768
1536
96
768
384
384
384
1536
1536
768
186
660
1536
867
768
1536
1377
384
768
768
1536
384
501
48
1536
2523
768
768
1536
1536
78
1077
96
1536
384
768
1536
1536
1536
1536
1536
384
243
24
1536
24
1536
768
192
1536
1536
1536
1536
96
192
1536
1536
585
768
1536
384
1536
96
1485
1536
384
1146
96
384
768
1536
192
1536
1536
768
1536
480
1536
1536
384
768
1536
1536
192
1536
192
768
384
1536
1536
384
2421
768
1536
192
1536
768
192
132
1452
1536
1536
1323
1536
48
768
384
192
1041
768
384
1536
1536
768
768
1536
96
1536
1536
1536
1536
1536
768
192
708
1536
768
768
768
192
1758
219
384
768
1536
123
1536
1149
384
768
384
1866
1536
768
384
351
1536
1803
